Arguments: 
  /usr/local/Cellar/node/18.3.0/bin/node /usr/local/bin/yarn

PATH: 
  /Users/gabrielepartiti/.pyenv/shims:/Users/gabrielepartiti/.pyenv/shims:/usr/local/bin:/usr/bin:/bin:/usr/sbin:/sbin

Yarn version: 
  1.22.17

Node version: 
  18.3.0

Platform: 
  darwin x64

Trace: 
  SyntaxError: /Users/gabrielepartiti/Developer/WebstormProjects/private/nestjs-components/nestjs-custom-decorators/package.json: Unexpected string in JSON at position 627
      at JSON.parse (<anonymous>)
      at /usr/local/lib/node_modules/yarn/lib/cli.js:1625:59
      at Generator.next (<anonymous>)
      at step (/usr/local/lib/node_modules/yarn/lib/cli.js:310:30)
      at /usr/local/lib/node_modules/yarn/lib/cli.js:321:13

npm manifest: 
  {
    "name": "@gabrythe23/nestjs-custom-decorators",
    
    "files": [
      "dist/src"
    ],
    "publishConfig": {
      "access": "public"
    },
    "directories": {
      "lib": "src",
      "test": "test"
    },
    "main": "dist/src/index.js",
    "types": "dist/src/index.d.ts",
    "keywords": [
      "nest",
      "decorator",
      "jwt"
    ],
    "version": "1.0.0",
    "description": "custom nest decorators for nestjs-custom-decorators",
    "main": "index.js",
    "scripts": {
      "build": "tsc -p .",
      "test": "jest"
    },
    "peerDependencies": {
      "@nestjs/common": ">=8",
      "@nestjs/core": ">=8",
      "@nestjs/platform-express": ">=8"
    }
    "repository": {
      "type": "git",
      "url": "git+https://github.com/gabrythe23/nestjs-components.git"
    },
    "author": "gabriele partiti",
    "license": "ISC",
    "bugs": {
      "url": "https://github.com/gabrythe23/nestjs-components/issues"
    },
    "homepage": "https://github.com/gabrythe23/nestjs-components#readme"
  }

yarn manifest: 
  No manifest

Lockfile: 
  No lockfile
